{"/Users/grissellaangelina/Documents/react-zero/src/components/Text/index.jsx": {"path":"/Users/grissellaangelina/Documents/react-zero/src/components/Text/index.jsx","statementMap":{"0":{"start":{"line":5,"column":2},"end":{"line":13,"column":4}},"1":{"start":{"line":16,"column":20},"end":{"line":16,"column":28}},"2":{"start":{"line":18,"column":4},"end":{"line":18,"column":36}},"3":{"start":{"line":22,"column":20},"end":{"line":22,"column":28}},"4":{"start":{"line":24,"column":4},"end":{"line":24,"column":39}},"5":{"start":{"line":27,"column":59},"end":{"line":27,"column":64}},"6":{"start":{"line":29,"column":2},"end":{"line":42,"column":4}}},"fnMap":{"0":{"name":"Text","decl":{"start":{"line":4,"column":9},"end":{"line":4,"column":13}},"loc":{"start":{"line":4,"column":21},"end":{"line":43,"column":1}},"line":4},"1":{"name":"handleFocus","decl":{"start":{"line":15,"column":11},"end":{"line":15,"column":22}},"loc":{"start":{"line":15,"column":26},"end":{"line":19,"column":3}},"line":15},"2":{"name":"handleBlur","decl":{"start":{"line":21,"column":11},"end":{"line":21,"column":21}},"loc":{"start":{"line":21,"column":25},"end":{"line":25,"column":3}},"line":21}},"branchMap":{"0":{"loc":{"start":{"line":40,"column":7},"end":{"line":40,"column":36}},"type":"binary-expr","locations":[{"start":{"line":40,"column":7},"end":{"line":40,"column":14}},{"start":{"line":40,"column":18},"end":{"line":40,"column":36}}],"line":40}},"s":{"0":16,"1":1,"2":1,"3":1,"4":1,"5":16,"6":16},"f":{"0":16,"1":1,"2":1},"b":{"0":[16,1]},"_coverageSchema":"1a1c01bbd47fc00a2c39e90264f33305004495a9","hash":"8f45f289e96dbefa8bde62ebdef91d86870006bd"}
,"/Users/grissellaangelina/Documents/react-zero/src/redux/reducers.js": {"path":"/Users/grissellaangelina/Documents/react-zero/src/redux/reducers.js","statementMap":{},"fnMap":{},"branchMap":{},"s":{},"f":{},"b":{},"_coverageSchema":"1a1c01bbd47fc00a2c39e90264f33305004495a9","hash":"b06315dcbff1ce0c8091cafe929696596e6527a1"}
,"/Users/grissellaangelina/Documents/react-zero/src/redux/app/action.js": {"path":"/Users/grissellaangelina/Documents/react-zero/src/redux/app/action.js","statementMap":{"0":{"start":{"line":3,"column":24},"end":{"line":11,"column":2}},"1":{"start":{"line":3,"column":51},"end":{"line":11,"column":1}},"2":{"start":{"line":13,"column":26},"end":{"line":15,"column":2}},"3":{"start":{"line":13,"column":33},"end":{"line":15,"column":1}}},"fnMap":{"0":{"name":"(anonymous_0)","decl":{"start":{"line":3,"column":24},"end":{"line":3,"column":25}},"loc":{"start":{"line":3,"column":51},"end":{"line":11,"column":1}},"line":3},"1":{"name":"(anonymous_1)","decl":{"start":{"line":13,"column":26},"end":{"line":13,"column":27}},"loc":{"start":{"line":13,"column":33},"end":{"line":15,"column":1}},"line":13}},"branchMap":{},"s":{"0":3,"1":3,"2":3,"3":1},"f":{"0":3,"1":1},"b":{},"_coverageSchema":"1a1c01bbd47fc00a2c39e90264f33305004495a9","hash":"c418ab1a3281da378d7303f5c35f90354870469a"}
,"/Users/grissellaangelina/Documents/react-zero/src/redux/app/index.js": {"path":"/Users/grissellaangelina/Documents/react-zero/src/redux/app/index.js","statementMap":{"0":{"start":{"line":3,"column":28},"end":{"line":10,"column":1}},"1":{"start":{"line":12,"column":24},"end":{"line":25,"column":1}},"2":{"start":{"line":14,"column":4},"end":{"line":17,"column":6}},"3":{"start":{"line":20,"column":4},"end":{"line":23,"column":6}},"4":{"start":{"line":28,"column":18},"end":{"line":28,"column":46}},"5":{"start":{"line":30,"column":2},"end":{"line":30,"column":50}}},"fnMap":{"0":{"name":"(anonymous_0)","decl":{"start":{"line":13,"column":21},"end":{"line":13,"column":22}},"loc":{"start":{"line":13,"column":40},"end":{"line":18,"column":3}},"line":13},"1":{"name":"(anonymous_1)","decl":{"start":{"line":19,"column":23},"end":{"line":19,"column":24}},"loc":{"start":{"line":19,"column":34},"end":{"line":24,"column":3}},"line":19},"2":{"name":"(anonymous_2)","decl":{"start":{"line":27,"column":15},"end":{"line":27,"column":16}},"loc":{"start":{"line":27,"column":49},"end":{"line":31,"column":1}},"line":27}},"branchMap":{"0":{"loc":{"start":{"line":27,"column":16},"end":{"line":27,"column":36}},"type":"default-arg","locations":[{"start":{"line":27,"column":24},"end":{"line":27,"column":36}}],"line":27},"1":{"loc":{"start":{"line":30,"column":9},"end":{"line":30,"column":49}},"type":"cond-expr","locations":[{"start":{"line":30,"column":19},"end":{"line":30,"column":41}},{"start":{"line":30,"column":44},"end":{"line":30,"column":49}}],"line":30}},"s":{"0":2,"1":2,"2":2,"3":1,"4":13,"5":13},"f":{"0":2,"1":1,"2":13},"b":{"0":[10],"1":[3,10]},"_coverageSchema":"1a1c01bbd47fc00a2c39e90264f33305004495a9","hash":"8b274af3598820e69e15b37168ff5fa228e40b72"}
,"/Users/grissellaangelina/Documents/react-zero/src/redux/app/types.js": {"path":"/Users/grissellaangelina/Documents/react-zero/src/redux/app/types.js","statementMap":{"0":{"start":{"line":1,"column":25},"end":{"line":1,"column":36}},"1":{"start":{"line":2,"column":27},"end":{"line":2,"column":40}}},"fnMap":{},"branchMap":{},"s":{"0":3,"1":3},"f":{},"b":{},"_coverageSchema":"1a1c01bbd47fc00a2c39e90264f33305004495a9","hash":"255063bad1cc8f82f8972df47105258816dbc869"}
,"/Users/grissellaangelina/Documents/react-zero/src/route/SendEmail/index.jsx": {"path":"/Users/grissellaangelina/Documents/react-zero/src/route/SendEmail/index.jsx","statementMap":{"0":{"start":{"line":16,"column":0},"end":{"line":18,"column":2}},"1":{"start":{"line":21,"column":23},"end":{"line":26,"column":3}},"2":{"start":{"line":27,"column":20},"end":{"line":27,"column":25}},"3":{"start":{"line":28,"column":28},"end":{"line":28,"column":50}},"4":{"start":{"line":29,"column":19},"end":{"line":29,"column":32}},"5":{"start":{"line":32,"column":30},"end":{"line":32,"column":42}},"6":{"start":{"line":33,"column":16},"end":{"line":33,"column":37}},"7":{"start":{"line":35,"column":17},"end":{"line":38,"column":5}},"8":{"start":{"line":39,"column":21},"end":{"line":39,"column":39}},"9":{"start":{"line":42,"column":4},"end":{"line":44,"column":5}},"10":{"start":{"line":43,"column":6},"end":{"line":43,"column":25}},"11":{"start":{"line":48,"column":19},"end":{"line":48,"column":57}},"12":{"start":{"line":49,"column":17},"end":{"line":49,"column":53}},"13":{"start":{"line":50,"column":20},"end":{"line":50,"column":73}},"14":{"start":{"line":50,"column":44},"end":{"line":50,"column":72}},"15":{"start":{"line":51,"column":21},"end":{"line":56,"column":6}},"16":{"start":{"line":52,"column":6},"end":{"line":55,"column":8}},"17":{"start":{"line":58,"column":4},"end":{"line":60,"column":5}},"18":{"start":{"line":59,"column":6},"end":{"line":59,"column":25}},"19":{"start":{"line":64,"column":19},"end":{"line":64,"column":31}},"20":{"start":{"line":65,"column":21},"end":{"line":75,"column":6}},"21":{"start":{"line":66,"column":6},"end":{"line":71,"column":7}},"22":{"start":{"line":67,"column":8},"end":{"line":70,"column":10}},"23":{"start":{"line":77,"column":4},"end":{"line":77,"column":23}},"24":{"start":{"line":81,"column":14},"end":{"line":81,"column":65}},"25":{"start":{"line":82,"column":14},"end":{"line":82,"column":60}},"26":{"start":{"line":84,"column":4},"end":{"line":86,"column":13}},"27":{"start":{"line":85,"column":6},"end":{"line":85,"column":53}},"28":{"start":{"line":89,"column":2},"end":{"line":120,"column":4}},"29":{"start":{"line":98,"column":12},"end":{"line":107,"column":14}},"30":{"start":{"line":126,"column":16},"end":{"line":128,"column":5}}},"fnMap":{"0":{"name":"SendEmail","decl":{"start":{"line":20,"column":9},"end":{"line":20,"column":18}},"loc":{"start":{"line":20,"column":26},"end":{"line":121,"column":1}},"line":20},"1":{"name":"handleAddInput","decl":{"start":{"line":31,"column":11},"end":{"line":31,"column":25}},"loc":{"start":{"line":31,"column":28},"end":{"line":45,"column":3}},"line":31},"2":{"name":"handleRemoveInput","decl":{"start":{"line":47,"column":11},"end":{"line":47,"column":28}},"loc":{"start":{"line":47,"column":36},"end":{"line":61,"column":3}},"line":47},"3":{"name":"(anonymous_3)","decl":{"start":{"line":50,"column":33},"end":{"line":50,"column":34}},"loc":{"start":{"line":50,"column":44},"end":{"line":50,"column":72}},"line":50},"4":{"name":"(anonymous_4)","decl":{"start":{"line":51,"column":33},"end":{"line":51,"column":34}},"loc":{"start":{"line":51,"column":47},"end":{"line":56,"column":5}},"line":51},"5":{"name":"handleInputChange","decl":{"start":{"line":63,"column":11},"end":{"line":63,"column":28}},"loc":{"start":{"line":63,"column":36},"end":{"line":78,"column":3}},"line":63},"6":{"name":"(anonymous_6)","decl":{"start":{"line":65,"column":31},"end":{"line":65,"column":32}},"loc":{"start":{"line":65,"column":41},"end":{"line":75,"column":5}},"line":65},"7":{"name":"handleSubmit","decl":{"start":{"line":80,"column":11},"end":{"line":80,"column":23}},"loc":{"start":{"line":80,"column":26},"end":{"line":87,"column":3}},"line":80},"8":{"name":"(anonymous_8)","decl":{"start":{"line":84,"column":15},"end":{"line":84,"column":16}},"loc":{"start":{"line":84,"column":21},"end":{"line":86,"column":5}},"line":84},"9":{"name":"(anonymous_9)","decl":{"start":{"line":97,"column":56},"end":{"line":97,"column":57}},"loc":{"start":{"line":97,"column":66},"end":{"line":108,"column":11}},"line":97},"10":{"name":"(anonymous_10)","decl":{"start":{"line":126,"column":4},"end":{"line":126,"column":5}},"loc":{"start":{"line":126,"column":16},"end":{"line":128,"column":5}},"line":126}},"branchMap":{"0":{"loc":{"start":{"line":42,"column":4},"end":{"line":44,"column":5}},"type":"if","locations":[{"start":{"line":42,"column":4},"end":{"line":44,"column":5}}],"line":42},"1":{"loc":{"start":{"line":58,"column":4},"end":{"line":60,"column":5}},"type":"if","locations":[{"start":{"line":58,"column":4},"end":{"line":60,"column":5}},{"start":{"line":58,"column":4},"end":{"line":60,"column":5}}],"line":58},"2":{"loc":{"start":{"line":66,"column":6},"end":{"line":71,"column":7}},"type":"if","locations":[{"start":{"line":66,"column":6},"end":{"line":71,"column":7}},{"start":{"line":66,"column":6},"end":{"line":71,"column":7}}],"line":66},"3":{"loc":{"start":{"line":97,"column":12},"end":{"line":97,"column":50}},"type":"binary-expr","locations":[{"start":{"line":97,"column":12},"end":{"line":97,"column":17}}],"line":97},"4":{"loc":{"start":{"line":101,"column":17},"end":{"line":105,"column":17}},"type":"binary-expr","locations":[{"start":{"line":101,"column":17},"end":{"line":101,"column":33}},{"start":{"line":102,"column":18},"end":{"line":104,"column":24}}],"line":101},"5":{"loc":{"start":{"line":109,"column":11},"end":{"line":113,"column":11}},"type":"binary-expr","locations":[{"start":{"line":109,"column":11},"end":{"line":109,"column":27}},{"start":{"line":110,"column":12},"end":{"line":112,"column":16}}],"line":109}},"s":{"0":1,"1":10,"2":10,"3":10,"4":10,"5":2,"6":2,"7":2,"8":2,"9":2,"10":2,"11":1,"12":1,"13":1,"14":2,"15":1,"16":1,"17":1,"18":1,"19":1,"20":1,"21":1,"22":1,"23":1,"24":1,"25":1,"26":1,"27":1,"28":10,"29":12,"30":6},"f":{"0":10,"1":2,"2":1,"3":2,"4":1,"5":1,"6":1,"7":1,"8":1,"9":12,"10":6},"b":{"0":[2],"1":[1,0],"2":[1,0],"3":[10],"4":[12,4],"5":[10,10]},"_coverageSchema":"1a1c01bbd47fc00a2c39e90264f33305004495a9","hash":"9d458d7d703649e154fe8bc0d36e486b1aa9c038"}
,"/Users/grissellaangelina/Documents/react-zero/test/mocks/styleMock.js": {"path":"/Users/grissellaangelina/Documents/react-zero/test/mocks/styleMock.js","statementMap":{"0":{"start":{"line":1,"column":0},"end":{"line":1,"column":20}}},"fnMap":{},"branchMap":{},"s":{"0":1},"f":{},"b":{},"_coverageSchema":"1a1c01bbd47fc00a2c39e90264f33305004495a9","hash":"7421c14d089ca2c0e585e669d0d1eb17033b1d6d"}
}
