TN:
SF:src/components/Text/index.jsx
FN:4,Text
FN:15,handleFocus
FN:21,handleBlur
FNF:3
FNH:3
FNDA:16,Text
FNDA:1,handleFocus
FNDA:1,handleBlur
DA:5,16
DA:16,1
DA:18,1
DA:22,1
DA:24,1
DA:27,16
DA:29,16
LF:7
LH:7
BRDA:40,0,0,16
BRDA:40,0,1,1
BRF:2
BRH:2
end_of_record
TN:
SF:src/redux/reducers.js
FNF:0
FNH:0
LF:0
LH:0
BRF:0
BRH:0
end_of_record
TN:
SF:src/redux/app/action.js
FN:3,(anonymous_0)
FN:13,(anonymous_1)
FNF:2
FNH:2
FNDA:3,(anonymous_0)
FNDA:1,(anonymous_1)
DA:3,3
DA:13,3
LF:2
LH:2
BRF:0
BRH:0
end_of_record
TN:
SF:src/redux/app/index.js
FN:13,(anonymous_0)
FN:19,(anonymous_1)
FN:27,(anonymous_2)
FNF:3
FNH:3
FNDA:2,(anonymous_0)
FNDA:1,(anonymous_1)
FNDA:13,(anonymous_2)
DA:3,2
DA:12,2
DA:14,2
DA:20,1
DA:28,13
DA:30,13
LF:6
LH:6
BRDA:27,0,0,10
BRDA:30,1,0,3
BRDA:30,1,1,10
BRF:3
BRH:3
end_of_record
TN:
SF:src/redux/app/types.js
FNF:0
FNH:0
DA:1,3
DA:2,3
LF:2
LH:2
BRF:0
BRH:0
end_of_record
TN:
SF:src/route/SendEmail/index.jsx
FN:20,SendEmail
FN:31,handleAddInput
FN:47,handleRemoveInput
FN:50,(anonymous_3)
FN:51,(anonymous_4)
FN:63,handleInputChange
FN:65,(anonymous_6)
FN:80,handleSubmit
FN:84,(anonymous_8)
FN:97,(anonymous_9)
FN:126,(anonymous_10)
FNF:11
FNH:11
FNDA:10,SendEmail
FNDA:2,handleAddInput
FNDA:1,handleRemoveInput
FNDA:2,(anonymous_3)
FNDA:1,(anonymous_4)
FNDA:1,handleInputChange
FNDA:1,(anonymous_6)
FNDA:1,handleSubmit
FNDA:1,(anonymous_8)
FNDA:12,(anonymous_9)
FNDA:6,(anonymous_10)
DA:16,1
DA:21,10
DA:27,10
DA:28,10
DA:29,10
DA:32,2
DA:33,2
DA:35,2
DA:39,2
DA:42,2
DA:43,2
DA:48,1
DA:49,1
DA:50,2
DA:51,1
DA:52,1
DA:58,1
DA:59,1
DA:64,1
DA:65,1
DA:66,1
DA:67,1
DA:77,1
DA:81,1
DA:82,1
DA:84,1
DA:85,1
DA:89,10
DA:98,12
DA:126,6
LF:30
LH:30
BRDA:42,0,0,2
BRDA:58,1,0,1
BRDA:58,1,1,0
BRDA:66,2,0,1
BRDA:66,2,1,0
BRDA:97,3,0,10
BRDA:101,4,0,12
BRDA:101,4,1,4
BRDA:109,5,0,10
BRDA:109,5,1,10
BRF:10
BRH:8
end_of_record
TN:
SF:test/mocks/styleMock.js
FNF:0
FNH:0
DA:1,1
LF:1
LH:1
BRF:0
BRH:0
end_of_record
